Arguments: 
  C:\Program Files\nodejs\node.exe C:\Program Files (x86)\Yarn\bin\yarn.js add next-nprogress

PATH: 
  C:\Program Files\Git\mingw64\bin;C:\Program Files\Git\usr\bin;C:\Users\Administrador\bin;C:\Program Files\Common Files\Oracle\Java\javapath;C:\Program Files (x86)\Intel\iCLS Client;C:\Program Files\Intel\iCLS Client;C:\Windows\system32;C:\Windows;C:\Windows\System32\Wbem;C:\Windows\System32\WindowsPowerShell\v1.0;C:\Program Files\Intel\Intel(R) Management Engine Components\DAL;C:\Program Files\Intel\Intel(R) Management Engine Components\IPT;C:\Program Files (x86)\Intel\Intel(R) Management Engine Components\DAL;C:\Program Files (x86)\Intel\Intel(R) Management Engine Components\IPT;C:\Program Files (x86)\Windows Live\Shared;C:\Program Files (x86)\Microsoft Emulator Manager\1.0;C:\ProgramData\chocolatey\bin;C:\Program Files (x86)\Yarn\bin;C:\Program Files\Java\jdk1.8.0_211\bin;C:\Users\Administrador\AppData\Local\Android\Sdk\platform-tools;C:\Program Files\nodejs;C:\Users\Administrador\AppData\Local\Android\Sdk\emulator;C:\Users\Administrador\AppData\Local\Android\Sdk\tools;C:\Users\Administrador\AppData\Local\Android\Sdk\tools\bin;C:\Users\Administrador\AppData\Local\Android\Sdk\platform-tools;C:\Program Files\Git\cmd;C:\oraclexe\client_oracle11;C:\python;C:\python\Scripts;C:\Program Files\Java\jdk-11.0.9\bin;C:\Program Files\Docker\Docker\resources\bin;C:\ProgramData\DockerDesktop\version-bin;C:\Users\Administrador\AppData\Local\Microsoft\WindowsApps;C:\Users\Administrador\AppData\Roaming\npm;C:\Users\Administrador\AppData\Local\Programs\Microsoft VS Code\bin

Yarn version: 
  1.22.4

Node version: 
  14.7.0

Platform: 
  win32 x64

Trace: 
  Error: https://registry.yarnpkg.com/rxjs/-/rxjs-6.5.5.tgz: ESOCKETTIMEDOUT
      at ClientRequest.<anonymous> (C:\Program Files (x86)\Yarn\lib\cli.js:141375:19)
      at Object.onceWrapper (events.js:420:28)
      at ClientRequest.emit (events.js:314:20)
      at TLSSocket.emitRequestTimeout (_http_client.js:769:9)
      at Object.onceWrapper (events.js:420:28)
      at TLSSocket.emit (events.js:326:22)
      at TLSSocket.Socket._onTimeout (net.js:483:8)
      at listOnTimeout (internal/timers.js:551:17)
      at processTimers (internal/timers.js:494:7)

npm manifest: 
  {
    "name": "curso-angular-rest",
    "version": "0.0.0",
    "scripts": {
      "ng": "ng",
      "start": "ng serve",
      "build": "ng build",
      "test": "ng test",
      "lint": "ng lint",
      "e2e": "ng e2e"
    },
    "private": true,
    "dependencies": {
      "@angular/animations": "~9.0.7",
      "@angular/common": "~9.0.7",
      "@angular/compiler": "~9.0.7",
      "@angular/core": "~9.0.7",
      "@angular/forms": "~9.0.7",
      "@angular/localize": "^9.0.7",
      "@angular/platform-browser": "~9.0.7",
      "@angular/platform-browser-dynamic": "~9.0.7",
      "@angular/router": "~9.0.7",
      "@ng-bootstrap/ng-bootstrap": "^5.3.0",
      "bootstrap": "^4.1.3",
      "chart.js": "^2.9.3",
      "jquery": "^3.3.1",
      "ng-chartjs": "^0.1.7",
      "ng2-charts": "^2.3.0",
      "ngx-currency": "^2.2.2",
      "ngx-mask": "^8.1.7",
      "ngx-pagination": "^5.0.0",
      "popper.js": "^1.14.3",
      "rxjs": "~6.5.4",
      "tslib": "^1.10.0",
      "zone.js": "~0.10.2"
    },
    "devDependencies": {
      "@angular-devkit/build-angular": "~0.900.7",
      "@angular/cli": "~9.0.7",
      "@angular/compiler-cli": "~9.0.7",
      "@angular/language-service": "~9.0.7",
      "@types/file-saver": "^2.0.1",
      "@types/jasmine": "~3.3.8",
      "@types/jasminewd2": "~2.0.3",
      "@types/node": "^12.11.1",
      "angular-ide": "^0.9.70",
      "codelyzer": "^5.1.2",
      "jasmine-core": "~3.4.0",
      "jasmine-spec-reporter": "~4.2.1",
      "karma": "~4.1.0",
      "karma-chrome-launcher": "~2.2.0",
      "karma-coverage-istanbul-reporter": "~2.0.1",
      "karma-jasmine": "~2.0.1",
      "karma-jasmine-html-reporter": "^1.4.0",
      "protractor": "~5.4.0",
      "ts-node": "~7.0.0",
      "tslint": "~5.15.0",
      "typescript": "~3.7.5"
    }
  }

yarn manifest: 
  No manifest

Lockfile: 
  No lockfile
